/home/Tools/cadence/XCELIUM2309/tools.lnx86/inca/bin/64bit/xmsim
Obtained 45 stack frames.
/home/Tools/cadence/XCELIUM2309/tools.lnx86/inca/bin/64bit/../../../lib/64bit/libcbreakpad.so(_Z13use_backtracev+0x9d) [0x7f78ad8041a3]
/home/Tools/cadence/XCELIUM2309/tools.lnx86/inca/bin/64bit/../../../lib/64bit/libcbreakpad.so(cbpad_generate_dump_on_demand+0x66) [0x7f78ad804630]
xmsim() [0x1b77209]
xmsim(serror+0x95) [0x1b78fb5]
xmsim() [0xcb7f94]
xmsim() [0xcb857d]
/lib64/libpthread.so.0(+0x12cf0) [0x7f78ae1b8cf0]
xmsim() [0xd4e72d]
xmsim() [0xd43af4]
xmsim() [0xe5b2f1]
xmsim() [0x155849a]
xmsim() [0x1567bb5]
xmsim() [0x156a369]
xmsim() [0x15ad721]
xmsim(sslu_traverse_scopes+0x337) [0xefcd17]
xmsim(sslu_traverse_scopes+0x12fa) [0xefdcda]
xmsim() [0x15865dc]
xmsim() [0x15af8ef]
xmsim() [0x7fa801]
xmsim() [0x7314bc]
xmsim() [0x731b3a]
xmsim() [0x731ef7]
/lib64/libpthread.so.0(+0x12cf0) [0x7f78ae1b8cf0]
xmsim() [0x1b651d0]
/lib64/libpthread.so.0(+0x12cf0) [0x7f78ae1b8cf0]
/lib64/libc.so.6(kill+0xb) [0x7f78ad86455b]
xmsim() [0x1649589]
xmsim() [0x74f3ed]
xmsim(simcmd_run+0x7dc) [0x751890]
xmsim() [0x752564]
xmsim() [0xbd60b7]
xmsim(TclInvokeStringCommand+0x7b) [0x13ceedb]
xmsim() [0x13d3e27]
xmsim() [0x13d608d]
xmsim(Tcl_EvalEx+0x13) [0x13d6813]
xmsim() [0x13d6910]
xmsim() [0x13d6c3a]
xmsim(Tcl_RecordAndEvalObj+0xce) [0x147857e]
xmsim(Tcl_RecordAndEval+0x38) [0x1478758]
xmsim() [0xbd9f53]
xmsim() [0x73066e]
xmsim(ncmain+0x8a) [0x72f261]
xmsim(main+0x10) [0x25fd41f]
/lib64/libc.so.6(__libc_start_main+0xe5) [0x7f78ad87bd85]
xmsim() [0x66938b]
